Determining if the pthread_create exist failed with the following output:
Change Dir: /home/60575005h/cuda/blur/build/CMakeFiles/CMakeTmp

Run Build Command:"/usr/bin/make" "cmTC_fb957/fast"
/usr/bin/make -f CMakeFiles/cmTC_fb957.dir/build.make CMakeFiles/cmTC_fb957.dir/build
make[1]: Entering directory '/home/60575005h/cuda/blur/build/CMakeFiles/CMakeTmp'
Building C object CMakeFiles/cmTC_fb957.dir/CheckSymbolExists.c.o
/usr/bin/cc    -fPIC    -o CMakeFiles/cmTC_fb957.dir/CheckSymbolExists.c.o   -c /home/60575005h/cuda/blur/build/CMakeFiles/CMakeTmp/CheckSymbolExists.c
Linking C executable cmTC_fb957
/usr/bin/cmake -E cmake_link_script CMakeFiles/cmTC_fb957.dir/link.txt --verbose=1
/usr/bin/cc  -fPIC     CMakeFiles/cmTC_fb957.dir/CheckSymbolExists.c.o  -o cmTC_fb957 -rdynamic 
CMakeFiles/cmTC_fb957.dir/CheckSymbolExists.c.o: 於函式 main:
CheckSymbolExists.c:(.text+0x1b): 未定義參考到「pthread_create」
collect2: error: ld returned 1 exit status
CMakeFiles/cmTC_fb957.dir/build.make:97: recipe for target 'cmTC_fb957' failed
make[1]: *** [cmTC_fb957] Error 1
make[1]: Leaving directory '/home/60575005h/cuda/blur/build/CMakeFiles/CMakeTmp'
Makefile:126: recipe for target 'cmTC_fb957/fast' failed
make: *** [cmTC_fb957/fast] Error 2

File /home/60575005h/cuda/blur/build/CMakeFiles/CMakeTmp/CheckSymbolExists.c:
/* */
#include <pthread.h>

int main(int argc, char** argv)
{
  (void)argv;
#ifndef pthread_create
  return ((int*)(&pthread_create))[argc];
#else
  (void)argc;
  return 0;
#endif
}

Determining if the function pthread_create exists in the pthreads failed with the following output:
Change Dir: /home/60575005h/cuda/blur/build/CMakeFiles/CMakeTmp

Run Build Command:"/usr/bin/make" "cmTC_8fe59/fast"
/usr/bin/make -f CMakeFiles/cmTC_8fe59.dir/build.make CMakeFiles/cmTC_8fe59.dir/build
make[1]: Entering directory '/home/60575005h/cuda/blur/build/CMakeFiles/CMakeTmp'
Building C object CMakeFiles/cmTC_8fe59.dir/CheckFunctionExists.c.o
/usr/bin/cc    -fPIC -DCHECK_FUNCTION_EXISTS=pthread_create   -o CMakeFiles/cmTC_8fe59.dir/CheckFunctionExists.c.o   -c /usr/share/cmake-3.5/Modules/CheckFunctionExists.c
Linking C executable cmTC_8fe59
/usr/bin/cmake -E cmake_link_script CMakeFiles/cmTC_8fe59.dir/link.txt --verbose=1
/usr/bin/cc  -fPIC -DCHECK_FUNCTION_EXISTS=pthread_create    CMakeFiles/cmTC_8fe59.dir/CheckFunctionExists.c.o  -o cmTC_8fe59 -rdynamic -lpthreads 
/usr/bin/ld: 找不到 -lpthreads
collect2: error: ld returned 1 exit status
CMakeFiles/cmTC_8fe59.dir/build.make:97: recipe for target 'cmTC_8fe59' failed
make[1]: *** [cmTC_8fe59] Error 1
make[1]: Leaving directory '/home/60575005h/cuda/blur/build/CMakeFiles/CMakeTmp'
Makefile:126: recipe for target 'cmTC_8fe59/fast' failed
make: *** [cmTC_8fe59/fast] Error 2


