Determining if the pthread_create exist failed with the following output:
Change Dir: /home/60575005h/cuda/build/CMakeFiles/CMakeTmp

Run Build Command:"/usr/bin/make" "cmTC_84e85/fast"
/usr/bin/make -f CMakeFiles/cmTC_84e85.dir/build.make CMakeFiles/cmTC_84e85.dir/build
make[1]: Entering directory '/home/60575005h/cuda/build/CMakeFiles/CMakeTmp'
Building C object CMakeFiles/cmTC_84e85.dir/CheckSymbolExists.c.o
/usr/bin/cc    -fPIC    -o CMakeFiles/cmTC_84e85.dir/CheckSymbolExists.c.o   -c /home/60575005h/cuda/build/CMakeFiles/CMakeTmp/CheckSymbolExists.c
Linking C executable cmTC_84e85
/usr/bin/cmake -E cmake_link_script CMakeFiles/cmTC_84e85.dir/link.txt --verbose=1
/usr/bin/cc  -fPIC     CMakeFiles/cmTC_84e85.dir/CheckSymbolExists.c.o  -o cmTC_84e85 -rdynamic 
CMakeFiles/cmTC_84e85.dir/CheckSymbolExists.c.o: 於函式 main:
CheckSymbolExists.c:(.text+0x1b): 未定義參考到「pthread_create」
collect2: error: ld returned 1 exit status
CMakeFiles/cmTC_84e85.dir/build.make:97: recipe for target 'cmTC_84e85' failed
make[1]: *** [cmTC_84e85] Error 1
make[1]: Leaving directory '/home/60575005h/cuda/build/CMakeFiles/CMakeTmp'
Makefile:126: recipe for target 'cmTC_84e85/fast' failed
make: *** [cmTC_84e85/fast] Error 2

File /home/60575005h/cuda/build/CMakeFiles/CMakeTmp/CheckSymbolExists.c:
/* */
#include <pthread.h>

int main(int argc, char** argv)
{
  (void)argv;
#ifndef pthread_create
  return ((int*)(&pthread_create))[argc];
#else
  (void)argc;
  return 0;
#endif
}

Determining if the function pthread_create exists in the pthreads failed with the following output:
Change Dir: /home/60575005h/cuda/build/CMakeFiles/CMakeTmp

Run Build Command:"/usr/bin/make" "cmTC_22872/fast"
/usr/bin/make -f CMakeFiles/cmTC_22872.dir/build.make CMakeFiles/cmTC_22872.dir/build
make[1]: Entering directory '/home/60575005h/cuda/build/CMakeFiles/CMakeTmp'
Building C object CMakeFiles/cmTC_22872.dir/CheckFunctionExists.c.o
/usr/bin/cc    -fPIC -DCHECK_FUNCTION_EXISTS=pthread_create   -o CMakeFiles/cmTC_22872.dir/CheckFunctionExists.c.o   -c /usr/share/cmake-3.5/Modules/CheckFunctionExists.c
Linking C executable cmTC_22872
/usr/bin/cmake -E cmake_link_script CMakeFiles/cmTC_22872.dir/link.txt --verbose=1
/usr/bin/cc  -fPIC -DCHECK_FUNCTION_EXISTS=pthread_create    CMakeFiles/cmTC_22872.dir/CheckFunctionExists.c.o  -o cmTC_22872 -rdynamic -lpthreads 
/usr/bin/ld: 找不到 -lpthreads
collect2: error: ld returned 1 exit status
CMakeFiles/cmTC_22872.dir/build.make:97: recipe for target 'cmTC_22872' failed
make[1]: *** [cmTC_22872] Error 1
make[1]: Leaving directory '/home/60575005h/cuda/build/CMakeFiles/CMakeTmp'
Makefile:126: recipe for target 'cmTC_22872/fast' failed
make: *** [cmTC_22872/fast] Error 2


Determining if the pthread_create exist failed with the following output:
Change Dir: /home/60575005h/cuda/build/CMakeFiles/CMakeTmp

Run Build Command:"/usr/bin/make" "cmTC_a4366/fast"
/usr/bin/make -f CMakeFiles/cmTC_a4366.dir/build.make CMakeFiles/cmTC_a4366.dir/build
make[1]: Entering directory '/home/60575005h/cuda/build/CMakeFiles/CMakeTmp'
Building C object CMakeFiles/cmTC_a4366.dir/CheckSymbolExists.c.o
/usr/bin/cc    -fPIC    -o CMakeFiles/cmTC_a4366.dir/CheckSymbolExists.c.o   -c /home/60575005h/cuda/build/CMakeFiles/CMakeTmp/CheckSymbolExists.c
Linking C executable cmTC_a4366
/usr/bin/cmake -E cmake_link_script CMakeFiles/cmTC_a4366.dir/link.txt --verbose=1
/usr/bin/cc  -fPIC     CMakeFiles/cmTC_a4366.dir/CheckSymbolExists.c.o  -o cmTC_a4366 -rdynamic 
CMakeFiles/cmTC_a4366.dir/CheckSymbolExists.c.o: 於函式 main:
CheckSymbolExists.c:(.text+0x1b): 未定義參考到「pthread_create」
collect2: error: ld returned 1 exit status
CMakeFiles/cmTC_a4366.dir/build.make:97: recipe for target 'cmTC_a4366' failed
make[1]: *** [cmTC_a4366] Error 1
make[1]: Leaving directory '/home/60575005h/cuda/build/CMakeFiles/CMakeTmp'
Makefile:126: recipe for target 'cmTC_a4366/fast' failed
make: *** [cmTC_a4366/fast] Error 2

File /home/60575005h/cuda/build/CMakeFiles/CMakeTmp/CheckSymbolExists.c:
/* */
#include <pthread.h>

int main(int argc, char** argv)
{
  (void)argv;
#ifndef pthread_create
  return ((int*)(&pthread_create))[argc];
#else
  (void)argc;
  return 0;
#endif
}

Determining if the function pthread_create exists in the pthreads failed with the following output:
Change Dir: /home/60575005h/cuda/build/CMakeFiles/CMakeTmp

Run Build Command:"/usr/bin/make" "cmTC_19817/fast"
/usr/bin/make -f CMakeFiles/cmTC_19817.dir/build.make CMakeFiles/cmTC_19817.dir/build
make[1]: Entering directory '/home/60575005h/cuda/build/CMakeFiles/CMakeTmp'
Building C object CMakeFiles/cmTC_19817.dir/CheckFunctionExists.c.o
/usr/bin/cc    -fPIC -DCHECK_FUNCTION_EXISTS=pthread_create   -o CMakeFiles/cmTC_19817.dir/CheckFunctionExists.c.o   -c /usr/share/cmake-3.5/Modules/CheckFunctionExists.c
Linking C executable cmTC_19817
/usr/bin/cmake -E cmake_link_script CMakeFiles/cmTC_19817.dir/link.txt --verbose=1
/usr/bin/cc  -fPIC -DCHECK_FUNCTION_EXISTS=pthread_create    CMakeFiles/cmTC_19817.dir/CheckFunctionExists.c.o  -o cmTC_19817 -rdynamic -lpthreads 
/usr/bin/ld: 找不到 -lpthreads
collect2: error: ld returned 1 exit status
CMakeFiles/cmTC_19817.dir/build.make:97: recipe for target 'cmTC_19817' failed
make[1]: *** [cmTC_19817] Error 1
make[1]: Leaving directory '/home/60575005h/cuda/build/CMakeFiles/CMakeTmp'
Makefile:126: recipe for target 'cmTC_19817/fast' failed
make: *** [cmTC_19817/fast] Error 2


