Determining if the pthread_create exist failed with the following output:
Change Dir: /home/60575005h/cuda/TM/build/CMakeFiles/CMakeTmp

Run Build Command:"/usr/bin/make" "cmTC_9db94/fast"
/usr/bin/make -f CMakeFiles/cmTC_9db94.dir/build.make CMakeFiles/cmTC_9db94.dir/build
make[1]: Entering directory '/home/60575005h/cuda/TM/build/CMakeFiles/CMakeTmp'
Building C object CMakeFiles/cmTC_9db94.dir/CheckSymbolExists.c.o
/usr/bin/cc    -fPIC    -o CMakeFiles/cmTC_9db94.dir/CheckSymbolExists.c.o   -c /home/60575005h/cuda/TM/build/CMakeFiles/CMakeTmp/CheckSymbolExists.c
Linking C executable cmTC_9db94
/usr/bin/cmake -E cmake_link_script CMakeFiles/cmTC_9db94.dir/link.txt --verbose=1
/usr/bin/cc  -fPIC     CMakeFiles/cmTC_9db94.dir/CheckSymbolExists.c.o  -o cmTC_9db94 -rdynamic 
CMakeFiles/cmTC_9db94.dir/CheckSymbolExists.c.o: 於函式 main:
CheckSymbolExists.c:(.text+0x1b): 未定義參考到「pthread_create」
collect2: error: ld returned 1 exit status
CMakeFiles/cmTC_9db94.dir/build.make:97: recipe for target 'cmTC_9db94' failed
make[1]: *** [cmTC_9db94] Error 1
make[1]: Leaving directory '/home/60575005h/cuda/TM/build/CMakeFiles/CMakeTmp'
Makefile:126: recipe for target 'cmTC_9db94/fast' failed
make: *** [cmTC_9db94/fast] Error 2

File /home/60575005h/cuda/TM/build/CMakeFiles/CMakeTmp/CheckSymbolExists.c:
/* */
#include <pthread.h>

int main(int argc, char** argv)
{
  (void)argv;
#ifndef pthread_create
  return ((int*)(&pthread_create))[argc];
#else
  (void)argc;
  return 0;
#endif
}

Determining if the function pthread_create exists in the pthreads failed with the following output:
Change Dir: /home/60575005h/cuda/TM/build/CMakeFiles/CMakeTmp

Run Build Command:"/usr/bin/make" "cmTC_cb6ef/fast"
/usr/bin/make -f CMakeFiles/cmTC_cb6ef.dir/build.make CMakeFiles/cmTC_cb6ef.dir/build
make[1]: Entering directory '/home/60575005h/cuda/TM/build/CMakeFiles/CMakeTmp'
Building C object CMakeFiles/cmTC_cb6ef.dir/CheckFunctionExists.c.o
/usr/bin/cc    -fPIC -DCHECK_FUNCTION_EXISTS=pthread_create   -o CMakeFiles/cmTC_cb6ef.dir/CheckFunctionExists.c.o   -c /usr/share/cmake-3.5/Modules/CheckFunctionExists.c
Linking C executable cmTC_cb6ef
/usr/bin/cmake -E cmake_link_script CMakeFiles/cmTC_cb6ef.dir/link.txt --verbose=1
/usr/bin/cc  -fPIC -DCHECK_FUNCTION_EXISTS=pthread_create    CMakeFiles/cmTC_cb6ef.dir/CheckFunctionExists.c.o  -o cmTC_cb6ef -rdynamic -lpthreads 
/usr/bin/ld: 找不到 -lpthreads
collect2: error: ld returned 1 exit status
CMakeFiles/cmTC_cb6ef.dir/build.make:97: recipe for target 'cmTC_cb6ef' failed
make[1]: *** [cmTC_cb6ef] Error 1
make[1]: Leaving directory '/home/60575005h/cuda/TM/build/CMakeFiles/CMakeTmp'
Makefile:126: recipe for target 'cmTC_cb6ef/fast' failed
make: *** [cmTC_cb6ef/fast] Error 2


